<?xml version="1.0" encoding="UTF-8"?>
<!-- Generated by org.testng.reporters.JUnitXMLReporter -->
<testsuite ignored="0" hostname="Onkar-Desktop" failures="1" tests="1" name="Test" time="3.922" errors="0" timestamp="2023-09-13T15:26:48 IST">
  <testcase classname="Airlines.TestsAirline" name="createAirline" time="2.707">
    <failure type="java.lang.AssertionError" message="expected [200] but found [400]">
      <![CDATA[java.lang.AssertionError: expected [200] but found [400]
at Airlines.TestsAirline.createAirline(TestsAirline.java:23)
at java.base/java.util.ArrayList.forEach(ArrayList.java:1511)
... Removed 34 stack frames]]>
    </failure>
  </testcase> <!-- createAirline -->
</testsuite> <!-- Test -->
