<?xml version="1.0" encoding="UTF-8"?>
<testsuite xmlns:xsi="http://www.w3.org/2001/XMLSchema-instance" xsi:noNamespaceSchemaLocation="https://maven.apache.org/surefire/maven-surefire-plugin/xsd/surefire-test-report-3.0.xsd" version="3.0" name="TestSuite" time="8.177" tests="1" errors="0" skipped="0" failures="0">
  <properties>
[...]
</properties>
  <testcase name="createAirline" classname="Airlines.CreateAirline" time="3.515">
    <system-out><![CDATA[Environment value = dev
Request method:	POST
Request URI:	https://api.instantwebtools.net/v1/airlines
Proxy:			<none>
Request params:	<none>
Query params:	<none>
Form params:	<none>
Path params:	<none>
Headers:		Accept=*/*
				Content-Type=application/json
Cookies:		<none>
Multiparts:		<none>
Body:
{
    "established": "1990",
    "country": "Sri Lanka",
    "website": "www.srilankaairways.com",
    "name": "Sri Lankan Airways",
    "head_quaters": "Katunayake, Sri Lanka",
    "logo": "https://upload.wikimedia.org/wikipedia/en/thumb/9/9b/Qatar_Airways_Logo.svg/sri_lanka.png",
    "id": "3654661",
    "slogan": "From Sri Lanka"
}
HTTP/1.1 200 OK
Server: nginx/1.18.0
Date: Tue, 12 Sep 2023 12:23:30 GMT
Content-Type: application/json; charset=utf-8
Content-Length: 326
Connection: keep-alive
X-Powered-By: Express
Access-Control-Allow-Origin: *
ETag: W/"146-Fhq2UKouLeCP7G5hj44b6VlSICE"

{
    "_id": "65005842efef3f3469983eff",
    "id": 3654661,
    "name": "Sri Lankan Airways",
    "country": "Sri Lanka",
    "logo": "https://upload.wikimedia.org/wikipedia/en/thumb/9/9b/Qatar_Airways_Logo.svg/sri_lanka.png",
    "slogan": "From Sri Lanka",
    "head_quaters": "Katunayake, Sri Lanka",
    "website": "www.srilankaairways.com",
    "established": "1990",
    "__v": 0
}
]]></system-out>
    <system-err><![CDATA[SLF4J: Failed to load class "org.slf4j.impl.StaticLoggerBinder".
SLF4J: Defaulting to no-operation (NOP) logger implementation
SLF4J: See http://www.slf4j.org/codes.html#StaticLoggerBinder for further details.
]]></system-err>
  </testcase>
</testsuite>