<?xml version="1.0" encoding="UTF-8"?>
<testng-results ignored="0" total="1" passed="1" failed="0" skipped="0">
  <reporter-output>
  </reporter-output>
  <suite started-at="2023-09-12T17:53:26 IST" name="Suite" finished-at="2023-09-12T17:53:30 IST" duration-ms="3554">
    <groups>
    </groups>
    <test started-at="2023-09-12T17:53:26 IST" name="Test" finished-at="2023-09-12T17:53:30 IST" duration-ms="3554">
      <class name="Airlines.CreateAirline">
        <test-method signature="createAirline()[pri:0, instance:Airlines.CreateAirline@5d7911d5]" started-at="2023-09-12T17:53:26 IST" name="createAirline" finished-at="2023-09-12T17:53:30 IST" duration-ms="3516" status="PASS">
          <reporter-output>
          </reporter-output>
        </test-method> <!-- createAirline -->
      </class> <!-- Airlines.CreateAirline -->
    </test> <!-- Test -->
  </suite> <!-- Suite -->
</testng-results>
