<?xml version="1.0" encoding="UTF-8"?>
<testng-results ignored="0" total="1" passed="1" failed="0" skipped="0">
  <reporter-output>
  </reporter-output>
  <suite started-at="2023-09-13T10:57:43 IST" name="Default suite" finished-at="2023-09-13T10:57:46 IST" duration-ms="2545">
    <groups>
    </groups>
    <test started-at="2023-09-13T10:57:43 IST" name="Default test" finished-at="2023-09-13T10:57:46 IST" duration-ms="2545">
      <class name="Airlines.TestsAirline">
        <test-method signature="createAirline()[pri:0, instance:Airlines.TestsAirline@4241e0f4]" started-at="2023-09-13T10:57:43 IST" name="createAirline" finished-at="2023-09-13T10:57:46 IST" duration-ms="2512" status="PASS">
          <reporter-output>
          </reporter-output>
        </test-method> <!-- createAirline -->
      </class> <!-- Airlines.TestsAirline -->
    </test> <!-- Default test -->
  </suite> <!-- Default suite -->
</testng-results>
